<?xml version="1.0" encoding="UTF-8"?>
<testsuite name="com.alekseykostyunin.domain.PosterTest" tests="1" skipped="0" failures="0" errors="0" timestamp="2024-10-17T11:03:02" hostname="DESKTOP-055H2KB" time="0.002">
  <properties/>
  <testcase name="testPosterCreation" classname="com.alekseykostyunin.domain.PosterTest" time="0.002"/>
  <system-out><![CDATA[]]></system-out>
  <system-err><![CDATA[]]></system-err>
</testsuite>
